<?xml version="1.0" encoding="UTF-8"?>
<testsuite xmlns:xsi="http://www.w3.org/2001/XMLSchema-instance" xsi:noNamespaceSchemaLocation="https://maven.apache.org/surefire/maven-surefire-plugin/xsd/surefire-test-report-3.0.xsd" version="3.0" name="Natural_Log_Test" time="0.001" tests="2" errors="0" skipped="0" failures="0">
  <properties>
[...]
</properties>
  <testcase name="negative_float" classname="Natural_Log_Test" time="0">
    <system-out><![CDATA[===============================================
starting log test
===============================================
test 2) log -ve
]]></system-out>
  </testcase>
  <testcase name="positive_float" classname="Natural_Log_Test" time="0">
    <system-out><![CDATA[test 1) log +ve
22:28:13.692 [main] INFO  Calculator - [LOG] - 10.0
22:28:13.692 [main] INFO  Calculator - [RESULT - LOG] - 2.302585092994046
]]></system-out>
  </testcase>
</testsuite>